<?xml version="1.0" encoding="UTF-8"?>
<!-- Generated by org.testng.reporters.JUnitReportReporter -->
<testsuite hostname="DESKTOP-KDORLVJ" failures="0" tests="1" name="com.automation.testcases.LoginTestStockMarket" time="39.833" errors="0" timestamp="2023-05-10T17:04:21 IST" skipped="0">
  <testcase classname="com.automation.testcases.LoginTestStockMarket" name="loginApp" time="39.833"/>
  <system-out/>
</testsuite> <!-- com.automation.testcases.LoginTestStockMarket -->
